<?xml version="1.0" encoding="UTF-8"?>
<!-- Generated by org.testng.reporters.JUnitReportReporter -->
<testsuite skipped="0" hostname="60e831b32be9" name="com.qa_sortable_challenge.tests.SortableTest" tests="5" failures="0" timestamp="10 Apr 2019 14:38:22 GMT" time="15.526" errors="0">
  <testcase name="sortTable" time="3.212" classname="com.qa_sortable_challenge.tests.SortableTest"/>
  <testcase name="sortTable" time="3.133" classname="com.qa_sortable_challenge.tests.SortableTest"/>
  <testcase name="sortTable" time="3.262" classname="com.qa_sortable_challenge.tests.SortableTest"/>
  <testcase name="sortTable" time="2.909" classname="com.qa_sortable_challenge.tests.SortableTest"/>
  <testcase name="sortTable" time="3.010" classname="com.qa_sortable_challenge.tests.SortableTest"/>
</testsuite> <!-- com.qa_sortable_challenge.tests.SortableTest -->
