<?xml version="1.0" encoding="UTF-8"?>
<!-- Generated by org.testng.reporters.JUnitReportReporter -->
<testsuite skipped="0" hostname="eea4091da1b3" name="com.qa_sortable_challenge.tests.SortableTest" tests="5" failures="0" timestamp="10 Apr 2019 21:14:49 GMT" time="24.874" errors="0">
  <testcase name="sortTable" time="4.166" classname="com.qa_sortable_challenge.tests.SortableTest"/>
  <testcase name="sortTable" time="3.912" classname="com.qa_sortable_challenge.tests.SortableTest"/>
  <testcase name="sortTable" time="3.847" classname="com.qa_sortable_challenge.tests.SortableTest"/>
  <testcase name="sortTable" time="5.765" classname="com.qa_sortable_challenge.tests.SortableTest"/>
  <testcase name="sortTable" time="7.184" classname="com.qa_sortable_challenge.tests.SortableTest"/>
</testsuite> <!-- com.qa_sortable_challenge.tests.SortableTest -->
