<?xml version="1.0" encoding="UTF-8"?>
<!-- Generated by org.testng.reporters.JUnitReportReporter -->
<testsuite skipped="0" hostname="WIN-MFNGYYTNOX" name="com.qa_sortable_challenge.tests.SortableTest" tests="5" failures="0" timestamp="10 abr 2019 14:34:56 GMT" time="15.739" errors="0">
  <testcase name="sortTable" time="3.607" classname="com.qa_sortable_challenge.tests.SortableTest"/>
  <testcase name="sortTable" time="2.819" classname="com.qa_sortable_challenge.tests.SortableTest"/>
  <testcase name="sortTable" time="3.255" classname="com.qa_sortable_challenge.tests.SortableTest"/>
  <testcase name="sortTable" time="3.133" classname="com.qa_sortable_challenge.tests.SortableTest"/>
  <testcase name="sortTable" time="2.925" classname="com.qa_sortable_challenge.tests.SortableTest"/>
</testsuite> <!-- com.qa_sortable_challenge.tests.SortableTest -->
